0 info it worked if it ends with ok
1 verbose cli [ '/Users/donmccurdy/.nvm/versions/node/v5.4.0/bin/node',
1 verbose cli   '/Users/donmccurdy/.nvm/versions/node/v5.4.0/bin/npm',
1 verbose cli   'version',
1 verbose cli   'minor' ]
2 info using npm@3.3.12
3 info using node@v5.4.0
4 info git [ 'status', '--porcelain' ]
5 info lifecycle aframe-keyboard-controls@0.1.0~preversion: aframe-keyboard-controls@0.1.0
6 verbose lifecycle aframe-keyboard-controls@0.1.0~preversion: unsafe-perm in lifecycle true
7 verbose lifecycle aframe-keyboard-controls@0.1.0~preversion: PATH: /Users/donmccurdy/.nvm/versions/node/v5.4.0/lib/node_modules/npm/bin/node-gyp-bin:/Users/donmccurdy/Documents/Current Projects/aframe-keyboard-controls/node_modules/.bin:/Users/donmccurdy/.nvm/versions/node/v5.4.0/bin:/Users/donmccurdy/.jenv/shims:/Users/donmccurdy/.bin:/usr/local/sbin:/usr/local/bin:/Users/donmccurdy/.rvm/gems/ruby-2.0.0-p195/bin:/Users/donmccurdy/.rvm/gems/ruby-2.0.0-p195@global/bin:/Users/donmccurdy/.rvm/rubies/ruby-2.0.0-p195/bin:/Users/donmccurdy/.rvm/bin:/usr/local/bin:/usr/bin:/bin:/usr/sbin:/sbin:/opt/X11/bin:/Users/donmccurdy/.npm/bin
8 verbose lifecycle aframe-keyboard-controls@0.1.0~preversion: CWD: /Users/donmccurdy/Documents/Current Projects/aframe-keyboard-controls
9 silly lifecycle aframe-keyboard-controls@0.1.0~preversion: Args: [ '-c', 'karma start ./tests/karma.conf.js --single-run' ]
10 silly lifecycle aframe-keyboard-controls@0.1.0~preversion: Returned: code: 1  signal: null
11 info lifecycle aframe-keyboard-controls@0.1.0~preversion: Failed to exec preversion script
12 verbose stack Error: aframe-keyboard-controls@0.1.0 preversion: `karma start ./tests/karma.conf.js --single-run`
12 verbose stack Exit status 1
12 verbose stack     at EventEmitter.<anonymous> (/Users/donmccurdy/.nvm/versions/node/v5.4.0/lib/node_modules/npm/lib/utils/lifecycle.js:232:16)
12 verbose stack     at emitTwo (events.js:87:13)
12 verbose stack     at EventEmitter.emit (events.js:172:7)
12 verbose stack     at ChildProcess.<anonymous> (/Users/donmccurdy/.nvm/versions/node/v5.4.0/lib/node_modules/npm/lib/utils/spawn.js:24:14)
12 verbose stack     at emitTwo (events.js:87:13)
12 verbose stack     at ChildProcess.emit (events.js:172:7)
12 verbose stack     at maybeClose (internal/child_process.js:821:16)
12 verbose stack     at Process.ChildProcess._handle.onexit (internal/child_process.js:211:5)
13 verbose pkgid aframe-keyboard-controls@0.1.0
14 verbose cwd /Users/donmccurdy/Documents/Current Projects/aframe-keyboard-controls
15 error Darwin 15.2.0
16 error argv "/Users/donmccurdy/.nvm/versions/node/v5.4.0/bin/node" "/Users/donmccurdy/.nvm/versions/node/v5.4.0/bin/npm" "version" "minor"
17 error node v5.4.0
18 error npm  v3.3.12
19 error code ELIFECYCLE
20 error aframe-keyboard-controls@0.1.0 preversion: `karma start ./tests/karma.conf.js --single-run`
20 error Exit status 1
21 error Failed at the aframe-keyboard-controls@0.1.0 preversion script 'karma start ./tests/karma.conf.js --single-run'.
21 error Make sure you have the latest version of node.js and npm installed.
21 error If you do, this is most likely a problem with the aframe-keyboard-controls package,
21 error not with npm itself.
21 error Tell the author that this fails on your system:
21 error     karma start ./tests/karma.conf.js --single-run
21 error You can get their info via:
21 error     npm owner ls aframe-keyboard-controls
21 error There is likely additional logging output above.
22 verbose exit [ 1, true ]
